<?xml version="1.0" encoding="UTF-8"?>
<!-- Generated by org.testng.reporters.JUnitReportReporter -->
<testsuite skipped="0" hostname="ustj28" name="automation.LoginTest" tests="1" failures="0" timestamp="06 May 2020 14:02:37 GMT" time="5.038" errors="0">
  <testcase name="TestLogin" time="5.038" classname="automation.LoginTest"/>
</testsuite> <!-- automation.LoginTest -->
