<?xml version="1.0" encoding="UTF-8"?>
<!-- Generated by org.testng.reporters.JUnitReportReporter -->
<testsuite skipped="0" hostname="ustj28" name="automation.LoginTest1" tests="1" failures="0" timestamp="06 May 2020 07:22:36 GMT" time="7.695" errors="0">
  <testcase name="TestLogin" time="7.695" classname="automation.LoginTest1"/>
</testsuite> <!-- automation.LoginTest1 -->
